<?xml version="1.0" encoding="UTF-8"?>
<testng-results skipped="0" failed="3" total="3" passed="0">
  <reporter-output>
  </reporter-output>
  <suite name="Ecommerce test run" duration-ms="3701" started-at="2017-12-05T15:54:25Z" finished-at="2017-12-05T15:54:29Z">
    <groups>
    </groups>
    <test name="Place Order" duration-ms="3701" started-at="2017-12-05T15:54:25Z" finished-at="2017-12-05T15:54:29Z">
      <class name="com.Ecomm.framework.OrderFlow_Mobile">
        <test-method status="FAIL" signature="Addtocart_mob(java.lang.String, java.lang.String, java.lang.String, java.lang.String)[pri:0, instance:com.Ecomm.framework.OrderFlow_Mobile@9f70c54]" name="Addtocart_mob" duration-ms="2579" started-at="2017-12-05T21:24:25Z" finished-at="2017-12-05T21:24:28Z">
          <params>
            <param index="0">
              <value>
                <![CDATA[iOS]]>
              </value>
            </param>
            <param index="1">
              <value>
                <![CDATA[11.1.2]]>
              </value>
            </param>
            <param index="2">
              <value>
                <![CDATA[iPhone-6]]>
              </value>
            </param>
            <param index="3">
              <value>
                <![CDATA[Georgia]]>
              </value>
            </param>
          </params>
          <exception class="com.perfecto.reportium.exception.ReportiumException">
            <message>
              <![CDATA[Missing required webdriver argument. Call your builder's withWebDriver() method]]>
            </message>
            <full-stacktrace>
              <![CDATA[com.perfecto.reportium.exception.ReportiumException: Missing required webdriver argument. Call your builder's withWebDriver() method
	at com.perfecto.reportium.model.PerfectoExecutionContext.<init>(PerfectoExecutionContext.java:23)
	at com.perfecto.reportium.model.PerfectoExecutionContext$PerfectoExecutionContextBuilder.build(PerfectoExecutionContext.java:42)
	at com.Ecomm.framework.OrderFlow_Mobile.Addtocart_mob(OrderFlow_Mobile.java:52)
	at sun.reflect.NativeMethodAccessorImpl.invoke0(Native Method)
	at sun.reflect.NativeMethodAccessorImpl.invoke(NativeMethodAccessorImpl.java:62)
	at sun.reflect.DelegatingMethodAccessorImpl.invoke(DelegatingMethodAccessorImpl.java:43)
	at java.lang.reflect.Method.invoke(Method.java:498)
	at org.testng.internal.MethodInvocationHelper.invokeMethod(MethodInvocationHelper.java:84)
	at org.testng.internal.Invoker.invokeMethod(Invoker.java:714)
	at org.testng.internal.Invoker.invokeTestMethod(Invoker.java:901)
	at org.testng.internal.Invoker.invokeTestMethods(Invoker.java:1231)
	at org.testng.internal.TestMethodWorker.invokeTestMethods(TestMethodWorker.java:127)
	at org.testng.internal.TestMethodWorker.run(TestMethodWorker.java:111)
	at org.testng.TestRunner.privateRun(TestRunner.java:767)
	at org.testng.TestRunner.run(TestRunner.java:617)
	at org.testng.SuiteRunner.runTest(SuiteRunner.java:348)
	at org.testng.SuiteRunner.runSequentially(SuiteRunner.java:343)
	at org.testng.SuiteRunner.privateRun(SuiteRunner.java:305)
	at org.testng.SuiteRunner.run(SuiteRunner.java:254)
	at org.testng.SuiteRunnerWorker.runSuite(SuiteRunnerWorker.java:52)
	at org.testng.SuiteRunnerWorker.run(SuiteRunnerWorker.java:86)
	at org.testng.TestNG.runSuitesSequentially(TestNG.java:1224)
	at org.testng.TestNG.runSuitesLocally(TestNG.java:1149)
	at org.testng.TestNG.run(TestNG.java:1057)
	at org.apache.maven.surefire.testng.TestNGExecutor.run(TestNGExecutor.java:295)
	at org.apache.maven.surefire.testng.TestNGXmlTestSuite.execute(TestNGXmlTestSuite.java:84)
	at org.apache.maven.surefire.testng.TestNGProvider.invoke(TestNGProvider.java:90)
	at org.apache.maven.surefire.booter.ForkedBooter.invokeProviderInSameClassLoader(ForkedBooter.java:203)
	at org.apache.maven.surefire.booter.ForkedBooter.runSuitesInProcess(ForkedBooter.java:155)
	at org.apache.maven.surefire.booter.ForkedBooter.main(ForkedBooter.java:103)
]]>
            </full-stacktrace>
          </exception> <!-- com.perfecto.reportium.exception.ReportiumException -->
          <reporter-output>
          </reporter-output>
        </test-method> <!-- Addtocart_mob -->
        <test-method status="FAIL" signature="Checkoutcart_mob(java.lang.String, java.lang.String, java.lang.String, java.lang.String)[pri:0, instance:com.Ecomm.framework.OrderFlow_Mobile@9f70c54]" name="Checkoutcart_mob" duration-ms="547" started-at="2017-12-05T21:24:28Z" finished-at="2017-12-05T21:24:28Z">
          <params>
            <param index="0">
              <value>
                <![CDATA[iOS]]>
              </value>
            </param>
            <param index="1">
              <value>
                <![CDATA[11.1.2]]>
              </value>
            </param>
            <param index="2">
              <value>
                <![CDATA[iPhone-6]]>
              </value>
            </param>
            <param index="3">
              <value>
                <![CDATA[Georgia]]>
              </value>
            </param>
          </params>
          <exception class="com.perfecto.reportium.exception.ReportiumException">
            <message>
              <![CDATA[Missing required webdriver argument. Call your builder's withWebDriver() method]]>
            </message>
            <full-stacktrace>
              <![CDATA[com.perfecto.reportium.exception.ReportiumException: Missing required webdriver argument. Call your builder's withWebDriver() method
	at com.perfecto.reportium.model.PerfectoExecutionContext.<init>(PerfectoExecutionContext.java:23)
	at com.perfecto.reportium.model.PerfectoExecutionContext$PerfectoExecutionContextBuilder.build(PerfectoExecutionContext.java:42)
	at com.Ecomm.framework.OrderFlow_Mobile.Checkoutcart_mob(OrderFlow_Mobile.java:116)
	at sun.reflect.NativeMethodAccessorImpl.invoke0(Native Method)
	at sun.reflect.NativeMethodAccessorImpl.invoke(NativeMethodAccessorImpl.java:62)
	at sun.reflect.DelegatingMethodAccessorImpl.invoke(DelegatingMethodAccessorImpl.java:43)
	at java.lang.reflect.Method.invoke(Method.java:498)
	at org.testng.internal.MethodInvocationHelper.invokeMethod(MethodInvocationHelper.java:84)
	at org.testng.internal.Invoker.invokeMethod(Invoker.java:714)
	at org.testng.internal.Invoker.invokeTestMethod(Invoker.java:901)
	at org.testng.internal.Invoker.invokeTestMethods(Invoker.java:1231)
	at org.testng.internal.TestMethodWorker.invokeTestMethods(TestMethodWorker.java:127)
	at org.testng.internal.TestMethodWorker.run(TestMethodWorker.java:111)
	at org.testng.TestRunner.privateRun(TestRunner.java:767)
	at org.testng.TestRunner.run(TestRunner.java:617)
	at org.testng.SuiteRunner.runTest(SuiteRunner.java:348)
	at org.testng.SuiteRunner.runSequentially(SuiteRunner.java:343)
	at org.testng.SuiteRunner.privateRun(SuiteRunner.java:305)
	at org.testng.SuiteRunner.run(SuiteRunner.java:254)
	at org.testng.SuiteRunnerWorker.runSuite(SuiteRunnerWorker.java:52)
	at org.testng.SuiteRunnerWorker.run(SuiteRunnerWorker.java:86)
	at org.testng.TestNG.runSuitesSequentially(TestNG.java:1224)
	at org.testng.TestNG.runSuitesLocally(TestNG.java:1149)
	at org.testng.TestNG.run(TestNG.java:1057)
	at org.apache.maven.surefire.testng.TestNGExecutor.run(TestNGExecutor.java:295)
	at org.apache.maven.surefire.testng.TestNGXmlTestSuite.execute(TestNGXmlTestSuite.java:84)
	at org.apache.maven.surefire.testng.TestNGProvider.invoke(TestNGProvider.java:90)
	at org.apache.maven.surefire.booter.ForkedBooter.invokeProviderInSameClassLoader(ForkedBooter.java:203)
	at org.apache.maven.surefire.booter.ForkedBooter.runSuitesInProcess(ForkedBooter.java:155)
	at org.apache.maven.surefire.booter.ForkedBooter.main(ForkedBooter.java:103)
]]>
            </full-stacktrace>
          </exception> <!-- com.perfecto.reportium.exception.ReportiumException -->
          <reporter-output>
          </reporter-output>
        </test-method> <!-- Checkoutcart_mob -->
        <test-method status="FAIL" signature="PlaceOrder_mob(java.lang.String, java.lang.String, java.lang.String, java.lang.String)[pri:0, instance:com.Ecomm.framework.OrderFlow_Mobile@9f70c54]" name="PlaceOrder_mob" duration-ms="542" started-at="2017-12-05T21:24:28Z" finished-at="2017-12-05T21:24:29Z">
          <params>
            <param index="0">
              <value>
                <![CDATA[iOS]]>
              </value>
            </param>
            <param index="1">
              <value>
                <![CDATA[11.1.2]]>
              </value>
            </param>
            <param index="2">
              <value>
                <![CDATA[iPhone-6]]>
              </value>
            </param>
            <param index="3">
              <value>
                <![CDATA[Georgia]]>
              </value>
            </param>
          </params>
          <exception class="com.perfecto.reportium.exception.ReportiumException">
            <message>
              <![CDATA[Missing required webdriver argument. Call your builder's withWebDriver() method]]>
            </message>
            <full-stacktrace>
              <![CDATA[com.perfecto.reportium.exception.ReportiumException: Missing required webdriver argument. Call your builder's withWebDriver() method
	at com.perfecto.reportium.model.PerfectoExecutionContext.<init>(PerfectoExecutionContext.java:23)
	at com.perfecto.reportium.model.PerfectoExecutionContext$PerfectoExecutionContextBuilder.build(PerfectoExecutionContext.java:42)
	at com.Ecomm.framework.OrderFlow_Mobile.PlaceOrder_mob(OrderFlow_Mobile.java:190)
	at sun.reflect.NativeMethodAccessorImpl.invoke0(Native Method)
	at sun.reflect.NativeMethodAccessorImpl.invoke(NativeMethodAccessorImpl.java:62)
	at sun.reflect.DelegatingMethodAccessorImpl.invoke(DelegatingMethodAccessorImpl.java:43)
	at java.lang.reflect.Method.invoke(Method.java:498)
	at org.testng.internal.MethodInvocationHelper.invokeMethod(MethodInvocationHelper.java:84)
	at org.testng.internal.Invoker.invokeMethod(Invoker.java:714)
	at org.testng.internal.Invoker.invokeTestMethod(Invoker.java:901)
	at org.testng.internal.Invoker.invokeTestMethods(Invoker.java:1231)
	at org.testng.internal.TestMethodWorker.invokeTestMethods(TestMethodWorker.java:127)
	at org.testng.internal.TestMethodWorker.run(TestMethodWorker.java:111)
	at org.testng.TestRunner.privateRun(TestRunner.java:767)
	at org.testng.TestRunner.run(TestRunner.java:617)
	at org.testng.SuiteRunner.runTest(SuiteRunner.java:348)
	at org.testng.SuiteRunner.runSequentially(SuiteRunner.java:343)
	at org.testng.SuiteRunner.privateRun(SuiteRunner.java:305)
	at org.testng.SuiteRunner.run(SuiteRunner.java:254)
	at org.testng.SuiteRunnerWorker.runSuite(SuiteRunnerWorker.java:52)
	at org.testng.SuiteRunnerWorker.run(SuiteRunnerWorker.java:86)
	at org.testng.TestNG.runSuitesSequentially(TestNG.java:1224)
	at org.testng.TestNG.runSuitesLocally(TestNG.java:1149)
	at org.testng.TestNG.run(TestNG.java:1057)
	at org.apache.maven.surefire.testng.TestNGExecutor.run(TestNGExecutor.java:295)
	at org.apache.maven.surefire.testng.TestNGXmlTestSuite.execute(TestNGXmlTestSuite.java:84)
	at org.apache.maven.surefire.testng.TestNGProvider.invoke(TestNGProvider.java:90)
	at org.apache.maven.surefire.booter.ForkedBooter.invokeProviderInSameClassLoader(ForkedBooter.java:203)
	at org.apache.maven.surefire.booter.ForkedBooter.runSuitesInProcess(ForkedBooter.java:155)
	at org.apache.maven.surefire.booter.ForkedBooter.main(ForkedBooter.java:103)
]]>
            </full-stacktrace>
          </exception> <!-- com.perfecto.reportium.exception.ReportiumException -->
          <reporter-output>
          </reporter-output>
        </test-method> <!-- PlaceOrder_mob -->
      </class> <!-- com.Ecomm.framework.OrderFlow_Mobile -->
    </test> <!-- Place Order -->
  </suite> <!-- Ecommerce test run -->
</testng-results>
