<?xml version="1.0" encoding="UTF-8"?>
<testsuite name="TestSuite" time="3.673" tests="3" errors="0" skipped="0" failures="3">
  <properties>
    <property name="java.runtime.name" value="Java(TM) SE Runtime Environment"/>
    <property name="sun.boot.library.path" value="C:\Program Files\Java\jdk1.8.0_91\jre\bin"/>
    <property name="java.vm.version" value="25.91-b15"/>
    <property name="java.vm.vendor" value="Oracle Corporation"/>
    <property name="maven.multiModuleProjectDirectory" value="C:\Users\Shahed\git\Ecommerce_Mobile"/>
    <property name="java.vendor.url" value="http://java.oracle.com/"/>
    <property name="path.separator" value=";"/>
    <property name="guice.disable.misplaced.annotation.check" value="true"/>
    <property name="java.vm.name" value="Java HotSpot(TM) 64-Bit Server VM"/>
    <property name="file.encoding.pkg" value="sun.io"/>
    <property name="user.script" value=""/>
    <property name="user.country" value="IN"/>
    <property name="sun.java.launcher" value="SUN_STANDARD"/>
    <property name="sun.os.patch.level" value=""/>
    <property name="java.vm.specification.name" value="Java Virtual Machine Specification"/>
    <property name="user.dir" value="C:\Users\Shahed\git\Ecommerce_Mobile"/>
    <property name="java.runtime.version" value="1.8.0_91-b15"/>
    <property name="java.awt.graphicsenv" value="sun.awt.Win32GraphicsEnvironment"/>
    <property name="java.endorsed.dirs" value="C:\Program Files\Java\jdk1.8.0_91\jre\lib\endorsed"/>
    <property name="os.arch" value="amd64"/>
    <property name="java.io.tmpdir" value="C:\Users\Shahed\AppData\Local\Temp\"/>
    <property name="line.separator" value="&#10;"/>
    <property name="java.vm.specification.vendor" value="Oracle Corporation"/>
    <property name="user.variant" value=""/>
    <property name="os.name" value="Windows 10"/>
    <property name="classworlds.conf" value="C:\Users\Shahed\eclipse-workspace\.metadata\.plugins\org.eclipse.m2e.launching\launches\m2conf3129376291531804411.tmp"/>
    <property name="sun.jnu.encoding" value="Cp1252"/>
    <property name="java.library.path" value="C:\Program Files\Java\jdk1.8.0_91\bin;C:\WINDOWS\Sun\Java\bin;C:\WINDOWS\system32;C:\WINDOWS;C:/Program Files/Java/jdk1.8.0_91/bin/../jre/bin/server;C:/Program Files/Java/jdk1.8.0_91/bin/../jre/bin;C:/Program Files/Java/jdk1.8.0_91/bin/../jre/lib/amd64;C:\Program Files\Java\jdk1.8.0_91\bin;C:\Program Files\Docker\Docker\Resources\bin;C:\Program Files (x86)\Intel\iCLS Client\;C:\Program Files\Intel\iCLS Client\;C:\Windows\system32;C:\Windows;C:\Users\Shahed\Downloads\chromedriver_win32\chromedriver;C:\Windows\System32\Wbem;C:\Windows\System32\WindowsPowerShell\v1.0\;C:\Program Files (x86)\NVIDIA Corporation\PhysX\Common;C:\Program Files\Intel\WiFi\bin\;C:\Program Files\Common Files\Intel\WirelessCommon\;C:\Program Files\Intel\Intel(R) Management Engine Components\DAL;C:\Program Files (x86)\Intel\Intel(R) Management Engine Components\DAL;C:\Program Files\Intel\Intel(R) Management Engine Components\IPT;C:\Program Files (x86)\Intel\Intel(R) Management Engine Components\IPT;C:\WINDOWS\system32;C:\WINDOWS;C:\WINDOWS\System32\Wbem;C:\WINDOWS\System32\WindowsPowerShell\v1.0\;C:\Program Files (x86)\Skype\Phone\;C:\Program Files\nodejs\;C:\Program Files\Microsoft SQL Server\Client SDK\ODBC\130\Tools\Binn\;C:\Program Files (x86)\Microsoft SQL Server\140\Tools\Binn\;C:\Program Files\Microsoft SQL Server\140\Tools\Binn\;C:\Program Files\Microsoft SQL Server\140\DTS\Binn\;C:\Program Files (x86)\Microsoft SQL Server\Client SDK\ODBC\130\Tools\Binn\;C:\Program Files (x86)\Microsoft SQL Server\140\DTS\Binn\;C:\Program Files (x86)\Microsoft SQL Server\140\Tools\Binn\ManagementStudio\;C:\Program Files\PuTTY\;C:\Program Files\Java\jdk1.8.0_91\bin;C:\Program Files\Intel\WiFi\bin\;C:\Program Files\Common Files\Intel\WirelessCommon\;C:\Users\Shahed\AppData\Local\Microsoft\WindowsApps;C:\Users\Shahed\Downloads\chromedriver_win32\;C:\Users\Shahed\AppData\Roaming\npm;C:\Users\Shahed\AppData\Local\GitHubDesktop\bin;C:\Program Files\Microsoft VS Code\bin;;%USERPROFILE%\AppData\Local\Microsoft\WindowsApps;C:\Users\Shahed\Downloads\eclipse-jee-oxygen-1-win32-x86_64\eclipse;;."/>
    <property name="java.specification.name" value="Java Platform API Specification"/>
    <property name="java.class.version" value="52.0"/>
    <property name="sun.management.compiler" value="HotSpot 64-Bit Tiered Compilers"/>
    <property name="os.version" value="10.0"/>
    <property name="user.home" value="C:\Users\Shahed"/>
    <property name="user.timezone" value="Asia/Calcutta"/>
    <property name="java.awt.printerjob" value="sun.awt.windows.WPrinterJob"/>
    <property name="java.specification.version" value="1.8"/>
    <property name="file.encoding" value="Cp1252"/>
    <property name="user.name" value="Shahed"/>
    <property name="java.class.path" value="C:\Users\Shahed\Downloads\eclipse-jee-oxygen-1-win32-x86_64\eclipse\plugins\org.eclipse.m2e.maven.runtime_1.8.2.20171007-0216\jars\plexus-classworlds-2.5.2.jar"/>
    <property name="java.vm.specification.version" value="1.8"/>
    <property name="sun.arch.data.model" value="64"/>
    <property name="java.home" value="C:\Program Files\Java\jdk1.8.0_91\jre"/>
    <property name="sun.java.command" value="org.codehaus.plexus.classworlds.launcher.Launcher -B test"/>
    <property name="java.specification.vendor" value="Oracle Corporation"/>
    <property name="user.language" value="en"/>
    <property name="awt.toolkit" value="sun.awt.windows.WToolkit"/>
    <property name="java.vm.info" value="mixed mode"/>
    <property name="java.version" value="1.8.0_91"/>
    <property name="java.ext.dirs" value="C:\Program Files\Java\jdk1.8.0_91\jre\lib\ext;C:\WINDOWS\Sun\Java\lib\ext"/>
    <property name="sun.boot.class.path" value="C:\Program Files\Java\jdk1.8.0_91\jre\lib\resources.jar;C:\Program Files\Java\jdk1.8.0_91\jre\lib\rt.jar;C:\Program Files\Java\jdk1.8.0_91\jre\lib\sunrsasign.jar;C:\Program Files\Java\jdk1.8.0_91\jre\lib\jsse.jar;C:\Program Files\Java\jdk1.8.0_91\jre\lib\jce.jar;C:\Program Files\Java\jdk1.8.0_91\jre\lib\charsets.jar;C:\Program Files\Java\jdk1.8.0_91\jre\lib\jfr.jar;C:\Program Files\Java\jdk1.8.0_91\jre\classes"/>
    <property name="java.vendor" value="Oracle Corporation"/>
    <property name="maven.home" value="C:\Users\Shahed\git\Ecommerce_Mobile\EMBEDDED"/>
    <property name="file.separator" value="\"/>
    <property name="java.vendor.url.bug" value="http://bugreport.sun.com/bugreport/"/>
    <property name="sun.cpu.endian" value="little"/>
    <property name="sun.io.unicode.encoding" value="UnicodeLittle"/>
    <property name="sun.desktop" value="windows"/>
    <property name="sun.cpu.isalist" value="amd64"/>
  </properties>
  <testcase name="Addtocart_mob" classname="com.Ecomm.framework.OrderFlow_Mobile" time="2.583">
    <failure message="Missing required webdriver argument. Call your builder&apos;s withWebDriver() method" type="com.perfecto.reportium.exception.ReportiumException"><![CDATA[com.perfecto.reportium.exception.ReportiumException: Missing required webdriver argument. Call your builder's withWebDriver() method
	at com.perfecto.reportium.model.PerfectoExecutionContext.<init>(PerfectoExecutionContext.java:23)
	at com.perfecto.reportium.model.PerfectoExecutionContext$PerfectoExecutionContextBuilder.build(PerfectoExecutionContext.java:42)
	at com.Ecomm.framework.OrderFlow_Mobile.Addtocart_mob(OrderFlow_Mobile.java:52)
]]></failure>
    <system-out><![CDATA[Start Of Execution(TEST)->Place Order
Test Started->Addtocart_mob
Run started
Failed to obtain device with options 'MobileDeviceFindOptions [_os=iOS, _osVersion=11.1.2, _manufacturer=null, _model=iPhone-6, _appName=mobileOS, _appVersion=, _resolution=null, _network=null, _location=null, _automationInfrastructure=null, _description=null, _deviceType=null, _operabilityScore=null]'. Message: Failed to execute command handset obtain: No device was found
Build info: version: '3.4.0', revision: 'unknown', time: 'unknown'
System info: host: 'b4ae084cb78d', ip: '172.18.0.4', os.name: 'Linux', os.arch: 'amd64', os.version: '4.4.0-47-generic', java.version: '1.8.0_131'
Driver info: driver.version: PerfectoMobileDriver
Test Failed->Addtocart_mob
]]></system-out>
    <system-err><![CDATA[SLF4J: Failed to load class "org.slf4j.impl.StaticLoggerBinder".
SLF4J: Defaulting to no-operation (NOP) logger implementation
SLF4J: See http://www.slf4j.org/codes.html#StaticLoggerBinder for further details.
]]></system-err>
  </testcase>
  <testcase name="Checkoutcart_mob" classname="com.Ecomm.framework.OrderFlow_Mobile" time="0.547">
    <failure message="Missing required webdriver argument. Call your builder&apos;s withWebDriver() method" type="com.perfecto.reportium.exception.ReportiumException"><![CDATA[com.perfecto.reportium.exception.ReportiumException: Missing required webdriver argument. Call your builder's withWebDriver() method
	at com.perfecto.reportium.model.PerfectoExecutionContext.<init>(PerfectoExecutionContext.java:23)
	at com.perfecto.reportium.model.PerfectoExecutionContext$PerfectoExecutionContextBuilder.build(PerfectoExecutionContext.java:42)
	at com.Ecomm.framework.OrderFlow_Mobile.Checkoutcart_mob(OrderFlow_Mobile.java:116)
]]></failure>
    <system-out><![CDATA[Test Started->Checkoutcart_mob
Run started
Failed to obtain device with options 'MobileDeviceFindOptions [_os=iOS, _osVersion=11.1.2, _manufacturer=null, _model=iPhone-6, _appName=mobileOS, _appVersion=, _resolution=null, _network=null, _location=null, _automationInfrastructure=null, _description=null, _deviceType=null, _operabilityScore=null]'. Message: Failed to execute command handset obtain: No device was found
Build info: version: '3.4.0', revision: 'unknown', time: 'unknown'
System info: host: 'b4ae084cb78d', ip: '172.18.0.4', os.name: 'Linux', os.arch: 'amd64', os.version: '4.4.0-47-generic', java.version: '1.8.0_131'
Driver info: driver.version: PerfectoMobileDriver
Test Failed->Checkoutcart_mob
]]></system-out>
  </testcase>
  <testcase name="PlaceOrder_mob" classname="com.Ecomm.framework.OrderFlow_Mobile" time="0.543">
    <failure message="Missing required webdriver argument. Call your builder&apos;s withWebDriver() method" type="com.perfecto.reportium.exception.ReportiumException"><![CDATA[com.perfecto.reportium.exception.ReportiumException: Missing required webdriver argument. Call your builder's withWebDriver() method
	at com.perfecto.reportium.model.PerfectoExecutionContext.<init>(PerfectoExecutionContext.java:23)
	at com.perfecto.reportium.model.PerfectoExecutionContext$PerfectoExecutionContextBuilder.build(PerfectoExecutionContext.java:42)
	at com.Ecomm.framework.OrderFlow_Mobile.PlaceOrder_mob(OrderFlow_Mobile.java:190)
]]></failure>
    <system-out><![CDATA[Test Started->PlaceOrder_mob
Run started
Failed to obtain device with options 'MobileDeviceFindOptions [_os=iOS, _osVersion=11.1.2, _manufacturer=null, _model=iPhone-6, _appName=mobileOS, _appVersion=, _resolution=null, _network=null, _location=null, _automationInfrastructure=null, _description=null, _deviceType=null, _operabilityScore=null]'. Message: Failed to execute command handset obtain: No device was found
Build info: version: '3.4.0', revision: 'unknown', time: 'unknown'
System info: host: 'b4ae084cb78d', ip: '172.18.0.4', os.name: 'Linux', os.arch: 'amd64', os.version: '4.4.0-47-generic', java.version: '1.8.0_131'
Driver info: driver.version: PerfectoMobileDriver
Test Failed->PlaceOrder_mob
]]></system-out>
  </testcase>
</testsuite>