<?xml version="1.0" encoding="UTF-8"?>
<!-- Generated by org.testng.reporters.JUnitXMLReporter -->
<testsuite hostname="NEWT526" name="Place Order" tests="3" failures="2" timestamp="5 Dec 2017 14:12:27 GMT" time="108.643" errors="0">
  <testcase name="Addtocart_mob" time="107.626" classname="Driver.OrderFlow_Mobile"/>
  <testcase name="Checkoutcart_mob" time="0.454" classname="Driver.OrderFlow_Mobile">
    <failure type="com.perfecto.reportium.exception.ReportiumException" message="Missing required webdriver argument. Call your builder&amp;apos;s withWebDriver() method">
      <![CDATA[com.perfecto.reportium.exception.ReportiumException: Missing required webdriver argument. Call your builder's withWebDriver() method
	at com.perfecto.reportium.model.PerfectoExecutionContext.<init>(PerfectoExecutionContext.java:23)
	at com.perfecto.reportium.model.PerfectoExecutionContext$PerfectoExecutionContextBuilder.build(PerfectoExecutionContext.java:42)
	at Driver.OrderFlow_Mobile.Checkoutcart_mob(OrderFlow_Mobile.java:116)
... Removed 27 stack frames]]>
    </failure>
  </testcase> <!-- Checkoutcart_mob -->
  <testcase name="PlaceOrder_mob" time="0.532" classname="Driver.OrderFlow_Mobile">
    <failure type="com.perfecto.reportium.exception.ReportiumException" message="Missing required webdriver argument. Call your builder&amp;apos;s withWebDriver() method">
      <![CDATA[com.perfecto.reportium.exception.ReportiumException: Missing required webdriver argument. Call your builder's withWebDriver() method
	at com.perfecto.reportium.model.PerfectoExecutionContext.<init>(PerfectoExecutionContext.java:23)
	at com.perfecto.reportium.model.PerfectoExecutionContext$PerfectoExecutionContextBuilder.build(PerfectoExecutionContext.java:42)
	at Driver.OrderFlow_Mobile.PlaceOrder_mob(OrderFlow_Mobile.java:190)
... Removed 27 stack frames]]>
    </failure>
  </testcase> <!-- PlaceOrder_mob -->
</testsuite> <!-- Place Order -->
