<html>
<head>
<title>TestNG:  Place Order</title>
<link href="../testng.css" rel="stylesheet" type="text/css" />
<link href="../my-testng.css" rel="stylesheet" type="text/css" />

<style type="text/css">
.log { display: none;} 
.stack-trace { display: none;} 
</style>
<script type="text/javascript">
<!--
function flip(e) {
  current = e.style.display;
  if (current == 'block') {
    e.style.display = 'none';
    return 0;
  }
  else {
    e.style.display = 'block';
    return 1;
  }
}

function toggleBox(szDivId, elem, msg1, msg2)
{
  var res = -1;  if (document.getElementById) {
    res = flip(document.getElementById(szDivId));
  }
  else if (document.all) {
    // this is the way old msie versions work
    res = flip(document.all[szDivId]);
  }
  if(elem) {
    if(res == 0) elem.innerHTML = msg1; else elem.innerHTML = msg2;
  }

}

function toggleAllBoxes() {
  if (document.getElementsByTagName) {
    d = document.getElementsByTagName('div');
    for (i = 0; i < d.length; i++) {
      if (d[i].className == 'log') {
        flip(d[i]);
      }
    }
  }
}

// -->
</script>

</head>
<body>
<h2 align='center'>Place Order</h2><table border='1' align="center">
<tr>
<td>Tests passed/Failed/Skipped:</td><td>1/2/0</td>
</tr><tr>
<td>Started on:</td><td>Tue Dec 05 19:40:39 IST 2017</td>
</tr>
<tr><td>Total time:</td><td>108 seconds (108643 ms)</td>
</tr><tr>
<td>Included groups:</td><td></td>
</tr><tr>
<td>Excluded groups:</td><td></td>
</tr>
</table><p/>
<small><i>(Hover the method name to see the test class name)</i></small><p/>
<table width='100%' border='1' class='invocation-failed'>
<tr><td colspan='4' align='center'><b>FAILED TESTS</b></td></tr>
<tr><td><b>Test method</b></td>
<td width="30%"><b>Exception</b></td>
<td width="10%"><b>Time (seconds)</b></td>
<td><b>Instance</b></td>
</tr>
<tr>
<td title='Driver.OrderFlow_Mobile.Checkoutcart_mob()'><b>Checkoutcart_mob</b><br>Test class: Driver.OrderFlow_Mobile<br>Parameters: iOS, 11.1.2, iPhone-6, Georgia</td>
<td><div><pre>com.perfecto.reportium.exception.ReportiumException: Missing required webdriver argument. Call your builder&apos;s withWebDriver() method
	at com.perfecto.reportium.model.PerfectoExecutionContext.&lt;init&gt;(PerfectoExecutionContext.java:23)
	at com.perfecto.reportium.model.PerfectoExecutionContext$PerfectoExecutionContextBuilder.build(PerfectoExecutionContext.java:42)
	at Driver.OrderFlow_Mobile.Checkoutcart_mob(OrderFlow_Mobile.java:116)
... Removed 27 stack frames</pre></div><a href='#' onClick='toggleBox("stack-trace1515877023", this, "Click to show all stack frames", "Click to hide stack frames")'>Click to show all stack frames</a>
<div class='stack-trace' id='stack-trace1515877023'><pre>com.perfecto.reportium.exception.ReportiumException: Missing required webdriver argument. Call your builder&apos;s withWebDriver() method
	at com.perfecto.reportium.model.PerfectoExecutionContext.&lt;init&gt;(PerfectoExecutionContext.java:23)
	at com.perfecto.reportium.model.PerfectoExecutionContext$PerfectoExecutionContextBuilder.build(PerfectoExecutionContext.java:42)
	at Driver.OrderFlow_Mobile.Checkoutcart_mob(OrderFlow_Mobile.java:116)
	at sun.reflect.NativeMethodAccessorImpl.invoke0(Native Method)
	at sun.reflect.NativeMethodAccessorImpl.invoke(NativeMethodAccessorImpl.java:62)
	at sun.reflect.DelegatingMethodAccessorImpl.invoke(DelegatingMethodAccessorImpl.java:43)
	at java.lang.reflect.Method.invoke(Method.java:498)
	at org.testng.internal.MethodInvocationHelper.invokeMethod(MethodInvocationHelper.java:84)
	at org.testng.internal.Invoker.invokeMethod(Invoker.java:714)
	at org.testng.internal.Invoker.invokeTestMethod(Invoker.java:901)
	at org.testng.internal.Invoker.invokeTestMethods(Invoker.java:1231)
	at org.testng.internal.TestMethodWorker.invokeTestMethods(TestMethodWorker.java:127)
	at org.testng.internal.TestMethodWorker.run(TestMethodWorker.java:111)
	at org.testng.TestRunner.privateRun(TestRunner.java:767)
	at org.testng.TestRunner.run(TestRunner.java:617)
	at org.testng.SuiteRunner.runTest(SuiteRunner.java:348)
	at org.testng.SuiteRunner.runSequentially(SuiteRunner.java:343)
	at org.testng.SuiteRunner.privateRun(SuiteRunner.java:305)
	at org.testng.SuiteRunner.run(SuiteRunner.java:254)
	at org.testng.SuiteRunnerWorker.runSuite(SuiteRunnerWorker.java:52)
	at org.testng.SuiteRunnerWorker.run(SuiteRunnerWorker.java:86)
	at org.testng.TestNG.runSuitesSequentially(TestNG.java:1224)
	at org.testng.TestNG.runSuitesLocally(TestNG.java:1149)
	at org.testng.TestNG.run(TestNG.java:1057)
	at org.apache.maven.surefire.testng.TestNGExecutor.run(TestNGExecutor.java:295)
	at org.apache.maven.surefire.testng.TestNGXmlTestSuite.execute(TestNGXmlTestSuite.java:84)
	at org.apache.maven.surefire.testng.TestNGProvider.invoke(TestNGProvider.java:90)
	at org.apache.maven.surefire.booter.ForkedBooter.invokeProviderInSameClassLoader(ForkedBooter.java:203)
	at org.apache.maven.surefire.booter.ForkedBooter.runSuitesInProcess(ForkedBooter.java:155)
	at org.apache.maven.surefire.booter.ForkedBooter.main(ForkedBooter.java:103)
</pre></div></td>
<td>0</td>
<td>Driver.OrderFlow_Mobile@54a097cc</td></tr>
<tr>
<td title='Driver.OrderFlow_Mobile.PlaceOrder_mob()'><b>PlaceOrder_mob</b><br>Test class: Driver.OrderFlow_Mobile<br>Parameters: iOS, 11.1.2, iPhone-6, Georgia</td>
<td><div><pre>com.perfecto.reportium.exception.ReportiumException: Missing required webdriver argument. Call your builder&apos;s withWebDriver() method
	at com.perfecto.reportium.model.PerfectoExecutionContext.&lt;init&gt;(PerfectoExecutionContext.java:23)
	at com.perfecto.reportium.model.PerfectoExecutionContext$PerfectoExecutionContextBuilder.build(PerfectoExecutionContext.java:42)
	at Driver.OrderFlow_Mobile.PlaceOrder_mob(OrderFlow_Mobile.java:190)
... Removed 27 stack frames</pre></div><a href='#' onClick='toggleBox("stack-trace1263668904", this, "Click to show all stack frames", "Click to hide stack frames")'>Click to show all stack frames</a>
<div class='stack-trace' id='stack-trace1263668904'><pre>com.perfecto.reportium.exception.ReportiumException: Missing required webdriver argument. Call your builder&apos;s withWebDriver() method
	at com.perfecto.reportium.model.PerfectoExecutionContext.&lt;init&gt;(PerfectoExecutionContext.java:23)
	at com.perfecto.reportium.model.PerfectoExecutionContext$PerfectoExecutionContextBuilder.build(PerfectoExecutionContext.java:42)
	at Driver.OrderFlow_Mobile.PlaceOrder_mob(OrderFlow_Mobile.java:190)
	at sun.reflect.NativeMethodAccessorImpl.invoke0(Native Method)
	at sun.reflect.NativeMethodAccessorImpl.invoke(NativeMethodAccessorImpl.java:62)
	at sun.reflect.DelegatingMethodAccessorImpl.invoke(DelegatingMethodAccessorImpl.java:43)
	at java.lang.reflect.Method.invoke(Method.java:498)
	at org.testng.internal.MethodInvocationHelper.invokeMethod(MethodInvocationHelper.java:84)
	at org.testng.internal.Invoker.invokeMethod(Invoker.java:714)
	at org.testng.internal.Invoker.invokeTestMethod(Invoker.java:901)
	at org.testng.internal.Invoker.invokeTestMethods(Invoker.java:1231)
	at org.testng.internal.TestMethodWorker.invokeTestMethods(TestMethodWorker.java:127)
	at org.testng.internal.TestMethodWorker.run(TestMethodWorker.java:111)
	at org.testng.TestRunner.privateRun(TestRunner.java:767)
	at org.testng.TestRunner.run(TestRunner.java:617)
	at org.testng.SuiteRunner.runTest(SuiteRunner.java:348)
	at org.testng.SuiteRunner.runSequentially(SuiteRunner.java:343)
	at org.testng.SuiteRunner.privateRun(SuiteRunner.java:305)
	at org.testng.SuiteRunner.run(SuiteRunner.java:254)
	at org.testng.SuiteRunnerWorker.runSuite(SuiteRunnerWorker.java:52)
	at org.testng.SuiteRunnerWorker.run(SuiteRunnerWorker.java:86)
	at org.testng.TestNG.runSuitesSequentially(TestNG.java:1224)
	at org.testng.TestNG.runSuitesLocally(TestNG.java:1149)
	at org.testng.TestNG.run(TestNG.java:1057)
	at org.apache.maven.surefire.testng.TestNGExecutor.run(TestNGExecutor.java:295)
	at org.apache.maven.surefire.testng.TestNGXmlTestSuite.execute(TestNGXmlTestSuite.java:84)
	at org.apache.maven.surefire.testng.TestNGProvider.invoke(TestNGProvider.java:90)
	at org.apache.maven.surefire.booter.ForkedBooter.invokeProviderInSameClassLoader(ForkedBooter.java:203)
	at org.apache.maven.surefire.booter.ForkedBooter.runSuitesInProcess(ForkedBooter.java:155)
	at org.apache.maven.surefire.booter.ForkedBooter.main(ForkedBooter.java:103)
</pre></div></td>
<td>0</td>
<td>Driver.OrderFlow_Mobile@54a097cc</td></tr>
</table><p>
<table width='100%' border='1' class='invocation-passed'>
<tr><td colspan='4' align='center'><b>PASSED TESTS</b></td></tr>
<tr><td><b>Test method</b></td>
<td width="30%"><b>Exception</b></td>
<td width="10%"><b>Time (seconds)</b></td>
<td><b>Instance</b></td>
</tr>
<tr>
<td title='Driver.OrderFlow_Mobile.Addtocart_mob()'><b>Addtocart_mob</b><br>Test class: Driver.OrderFlow_Mobile<br>Parameters: iOS, 11.1.2, iPhone-6, Georgia<br/>
<a href="#Output-1534694976" onClick='toggleBox("Output-1534694976", this, "Show output", "Hide output");'>Show output</a>

<a href="#Output-1534694976" onClick="toggleAllBoxes();">Show all outputs</a>
<div class='log' id="Output-1534694976">
Home page loaded sucessfully<br/>
</div>
</td>
<td></td>
<td>107</td>
<td>Driver.OrderFlow_Mobile@54a097cc</td></tr>
</table><p>
</body>
</html>